<?xml version="1.0" encoding="UTF-8"?>
<!-- Generated by org.testng.reporters.JUnitXMLReporter -->
<testsuite ignored="2" hostname="tblr-lws-119" failures="0" tests="2" name="Test" time="0.038" errors="0" timestamp="2024-09-24T10:59:47 IST">
  <testcase classname="com.example.playwright.BaseTest" name="@BeforeSuite setup" time="-1.72715578727E9">
    <failure type="org.testng.TestNGException" message="
Native Injection is NOT supported for @BeforeSuite annotated setup.
For more information on native dependency injection please refer to https://testng.org/#_dependency_injection">
      <![CDATA[org.testng.TestNGException: 
Native Injection is NOT supported for @BeforeSuite annotated setup.
For more information on native dependency injection please refer to https://testng.org/#_dependency_injection
... Removed 16 stack frames]]>
    </failure>
  </testcase> <!-- @BeforeSuite setup -->
  <testcase classname="com.example.playwright.LoginTest" name="loginTest" time="0.0">
    <skipped/>
  </testcase> <!-- loginTest -->
  <testcase classname="com.example.playwright.AddToCartTest" name="searchAndAddToCartTest" time="0.0">
    <skipped/>
  </testcase> <!-- searchAndAddToCartTest -->
  <testcase classname="com.example.playwright.BaseTest" name="@AfterSuite tearDown" time="0.0">
    <ignored/>
  </testcase> <!-- @AfterSuite tearDown -->
  <testcase classname="com.example.playwright.BaseTest" name="@BeforeSuite setup" time="0.0">
    <ignored/>
  </testcase> <!-- @BeforeSuite setup -->
</testsuite> <!-- Test -->
