<?xml version="1.0" encoding="UTF-8"?>
<testng-results ignored="0" total="4" passed="1" failed="3" skipped="0">
  <reporter-output>
  </reporter-output>
  <suite started-at="2024-11-11T18:07:21 IST" name="CrossBrowserSuite" finished-at="2024-11-11T18:08:33 IST" duration-ms="72006">
    <groups>
    </groups>
    <test started-at="2024-11-11T18:07:21 IST" name="ChromiumTest" finished-at="2024-11-11T18:08:33 IST" duration-ms="72006">
      <class name="com.example.playwright.AddToCartTest">
        <test-method signature="searchAndAddToCartTest()[pri:1, instance:com.example.playwright.AddToCartTest@1f53a5dc]" started-at="2024-11-11T18:08:28 IST" name="searchAndAddToCartTest" description="Search and add product to cart" finished-at="2024-11-11T18:08:33 IST" duration-ms="5003" status="FAIL">
          <exception class="com.microsoft.playwright.TimeoutError">
            <message>
              <![CDATA[Error {
  message='Timeout 5000ms exceeded.
  name='TimeoutError
  stack='TimeoutError: Timeout 5000ms exceeded.
    at ProgressController.run (/tmp/playwright-java-17568882624308621776/package/lib/server/progress.js:78:26)
    at Frame.waitForSelector (/tmp/playwright-java-17568882624308621776/package/lib/server/frames.js:624:23)
    at FrameDispatcher.waitForSelector (/tmp/playwright-java-17568882624308621776/package/lib/server/dispatchers/frameDispatcher.js:105:103)
    at FrameDispatcher._handleCommand (/tmp/playwright-java-17568882624308621776/package/lib/server/dispatchers/dispatcher.js:94:40)
    at DispatcherConnection.dispatch (/tmp/playwright-java-17568882624308621776/package/lib/server/dispatchers/dispatcher.js:361:39)
}
Call log:
- waiting for locator("#searchDropdownBox") to be visible
]]>
            </message>
            <full-stacktrace>
              <![CDATA[com.microsoft.playwright.TimeoutError: Error {
  message='Timeout 5000ms exceeded.
  name='TimeoutError
  stack='TimeoutError: Timeout 5000ms exceeded.
    at ProgressController.run (/tmp/playwright-java-17568882624308621776/package/lib/server/progress.js:78:26)
    at Frame.waitForSelector (/tmp/playwright-java-17568882624308621776/package/lib/server/frames.js:624:23)
    at FrameDispatcher.waitForSelector (/tmp/playwright-java-17568882624308621776/package/lib/server/dispatchers/frameDispatcher.js:105:103)
    at FrameDispatcher._handleCommand (/tmp/playwright-java-17568882624308621776/package/lib/server/dispatchers/dispatcher.js:94:40)
    at DispatcherConnection.dispatch (/tmp/playwright-java-17568882624308621776/package/lib/server/dispatchers/dispatcher.js:361:39)
}
Call log:
- waiting for locator("#searchDropdownBox") to be visible

at com.microsoft.playwright.impl.WaitableResult.get(WaitableResult.java:52)
at com.microsoft.playwright.impl.ChannelOwner.runUntil(ChannelOwner.java:120)
at com.microsoft.playwright.impl.Connection.sendMessage(Connection.java:130)
at com.microsoft.playwright.impl.ChannelOwner.sendMessage(ChannelOwner.java:106)
at com.microsoft.playwright.impl.FrameImpl.waitForSelectorImpl(FrameImpl.java:1060)
at com.microsoft.playwright.impl.FrameImpl.waitForSelectorImpl(FrameImpl.java:1050)
at com.microsoft.playwright.impl.PageImpl.lambda$waitForSelector$93(PageImpl.java:1553)
at com.microsoft.playwright.impl.LoggingSupport.withLogging(LoggingSupport.java:47)
at com.microsoft.playwright.impl.ChannelOwner.withLogging(ChannelOwner.java:89)
at com.microsoft.playwright.impl.PageImpl.waitForSelector(PageImpl.java:1552)
at com.microsoft.playwright.Page.waitForSelector(Page.java:8191)
at com.example.playwright.AddToCartTest.searchAndAddToCartTest(AddToCartTest.java:12)
at java.base/jdk.internal.reflect.NativeMethodAccessorImpl.invoke0(Native Method)
at java.base/jdk.internal.reflect.NativeMethodAccessorImpl.invoke(NativeMethodAccessorImpl.java:77)
at java.base/jdk.internal.reflect.DelegatingMethodAccessorImpl.invoke(DelegatingMethodAccessorImpl.java:43)
at java.base/java.lang.reflect.Method.invoke(Method.java:568)
at org.testng.internal.invokers.MethodInvocationHelper.invokeMethod(MethodInvocationHelper.java:141)
at org.testng.internal.invokers.TestInvoker.invokeMethod(TestInvoker.java:686)
at org.testng.internal.invokers.TestInvoker.invokeTestMethod(TestInvoker.java:230)
at org.testng.internal.invokers.MethodRunner.runInSequence(MethodRunner.java:63)
at org.testng.internal.invokers.TestInvoker$MethodInvocationAgent.invoke(TestInvoker.java:992)
at org.testng.internal.invokers.TestInvoker.invokeTestMethods(TestInvoker.java:203)
at org.testng.internal.invokers.TestMethodWorker.invokeTestMethods(TestMethodWorker.java:154)
at org.testng.internal.invokers.TestMethodWorker.run(TestMethodWorker.java:134)
at java.base/java.util.ArrayList.forEach(ArrayList.java:1511)
at org.testng.TestRunner.privateRun(TestRunner.java:739)
at org.testng.TestRunner.run(TestRunner.java:614)
at org.testng.SuiteRunner.runTest(SuiteRunner.java:421)
at org.testng.SuiteRunner.runSequentially(SuiteRunner.java:413)
at org.testng.SuiteRunner.privateRun(SuiteRunner.java:373)
at org.testng.SuiteRunner.run(SuiteRunner.java:312)
at org.testng.SuiteRunnerWorker.runSuite(SuiteRunnerWorker.java:52)
at org.testng.SuiteRunnerWorker.run(SuiteRunnerWorker.java:95)
at org.testng.TestNG.runSuitesSequentially(TestNG.java:1274)
at org.testng.TestNG.runSuitesLocally(TestNG.java:1208)
at org.testng.TestNG.runSuites(TestNG.java:1112)
at org.testng.TestNG.run(TestNG.java:1079)
at org.testng.remote.AbstractRemoteTestNG.run(AbstractRemoteTestNG.java:115)
at org.testng.remote.RemoteTestNG.initAndRun(RemoteTestNG.java:293)
at org.testng.remote.RemoteTestNG.main(RemoteTestNG.java:91)
Caused by: com.microsoft.playwright.TimeoutError: Error {
  message='Timeout 5000ms exceeded.
  name='TimeoutError
  stack='TimeoutError: Timeout 5000ms exceeded.
    at ProgressController.run (/tmp/playwright-java-17568882624308621776/package/lib/server/progress.js:78:26)
    at Frame.waitForSelector (/tmp/playwright-java-17568882624308621776/package/lib/server/frames.js:624:23)
    at FrameDispatcher.waitForSelector (/tmp/playwright-java-17568882624308621776/package/lib/server/dispatchers/frameDispatcher.js:105:103)
    at FrameDispatcher._handleCommand (/tmp/playwright-java-17568882624308621776/package/lib/server/dispatchers/dispatcher.js:94:40)
    at DispatcherConnection.dispatch (/tmp/playwright-java-17568882624308621776/package/lib/server/dispatchers/dispatcher.js:361:39)
}
Call log:
- waiting for locator("#searchDropdownBox") to be visible

at com.microsoft.playwright.impl.Connection.dispatch(Connection.java:254)
at com.microsoft.playwright.impl.Connection.processOneMessage(Connection.java:211)
at com.microsoft.playwright.impl.ChannelOwner.runUntil(ChannelOwner.java:118)
... 38 more
]]>
            </full-stacktrace>
          </exception> <!-- com.microsoft.playwright.TimeoutError -->
          <reporter-output>
          </reporter-output>
        </test-method> <!-- searchAndAddToCartTest -->
        <test-method is-config="true" signature="takeScreenshotOnFailureOrSuccess(org.testng.ITestResult)[pri:0, instance:com.example.playwright.AddToCartTest@1f53a5dc]" started-at="2024-11-11T18:08:33 IST" name="takeScreenshotOnFailureOrSuccess" finished-at="2024-11-11T18:08:33 IST" duration-ms="117" status="PASS">
          <params>
            <param index="0">
              <value>
                <![CDATA[[TestResult name=searchAndAddToCartTest status=FAILURE method=AddToCartTest.searchAndAddToCartTest()[pri:1, instance:com.example.playwright.AddToCartTest@1f53a5dc] output={null}]]]>
              </value>
            </param>
          </params>
          <reporter-output>
          </reporter-output>
        </test-method> <!-- takeScreenshotOnFailureOrSuccess -->
      </class> <!-- com.example.playwright.AddToCartTest -->
      <class name="com.example.playwright.LoginTest">
        <test-method is-config="true" signature="setup(java.lang.String)[pri:0, instance:com.example.playwright.LoginTest@1efe439d]" started-at="2024-11-11T18:07:21 IST" name="setup" finished-at="2024-11-11T18:08:13 IST" duration-ms="51579" status="PASS">
          <params>
            <param index="0">
              <value>
                <![CDATA[chromium]]>
              </value>
            </param>
          </params>
          <reporter-output>
          </reporter-output>
        </test-method> <!-- setup -->
        <test-method signature="loginWithInvalidCredentials()[pri:1, instance:com.example.playwright.LoginTest@1efe439d]" started-at="2024-11-11T18:08:13 IST" name="loginWithInvalidCredentials" description="Login with invalid credentials" finished-at="2024-11-11T18:08:17 IST" duration-ms="4346" status="PASS">
          <reporter-output>
          </reporter-output>
        </test-method> <!-- loginWithInvalidCredentials -->
        <test-method is-config="true" signature="takeScreenshotOnFailureOrSuccess(org.testng.ITestResult)[pri:0, instance:com.example.playwright.LoginTest@1efe439d]" started-at="2024-11-11T18:08:17 IST" name="takeScreenshotOnFailureOrSuccess" finished-at="2024-11-11T18:08:17 IST" duration-ms="163" status="PASS">
          <params>
            <param index="0">
              <value>
                <![CDATA[[TestResult name=loginWithInvalidCredentials status=SUCCESS method=LoginTest.loginWithInvalidCredentials()[pri:1, instance:com.example.playwright.LoginTest@1efe439d] output={null}]]]>
              </value>
            </param>
          </params>
          <reporter-output>
          </reporter-output>
        </test-method> <!-- takeScreenshotOnFailureOrSuccess -->
        <test-method signature="loginWithEmptyFields()[pri:2, instance:com.example.playwright.LoginTest@1efe439d]" started-at="2024-11-11T18:08:17 IST" name="loginWithEmptyFields" description="Login with empty fields" finished-at="2024-11-11T18:08:22 IST" duration-ms="5003" status="FAIL">
          <exception class="com.microsoft.playwright.TimeoutError">
            <message>
              <![CDATA[Error {
  message='Timeout 5000ms exceeded.
  name='TimeoutError
  stack='TimeoutError: Timeout 5000ms exceeded.
    at ProgressController.run (/tmp/playwright-java-17568882624308621776/package/lib/server/progress.js:78:26)
    at Frame.click (/tmp/playwright-java-17568882624308621776/package/lib/server/frames.js:1013:23)
    at FrameDispatcher.click (/tmp/playwright-java-17568882624308621776/package/lib/server/dispatchers/frameDispatcher.js:157:30)
    at FrameDispatcher._handleCommand (/tmp/playwright-java-17568882624308621776/package/lib/server/dispatchers/dispatcher.js:94:40)
    at DispatcherConnection.dispatch (/tmp/playwright-java-17568882624308621776/package/lib/server/dispatchers/dispatcher.js:361:39)
}
Call log:
- waiting for locator("#nav-link-accountList")
]]>
            </message>
            <full-stacktrace>
              <![CDATA[com.microsoft.playwright.TimeoutError: Error {
  message='Timeout 5000ms exceeded.
  name='TimeoutError
  stack='TimeoutError: Timeout 5000ms exceeded.
    at ProgressController.run (/tmp/playwright-java-17568882624308621776/package/lib/server/progress.js:78:26)
    at Frame.click (/tmp/playwright-java-17568882624308621776/package/lib/server/frames.js:1013:23)
    at FrameDispatcher.click (/tmp/playwright-java-17568882624308621776/package/lib/server/dispatchers/frameDispatcher.js:157:30)
    at FrameDispatcher._handleCommand (/tmp/playwright-java-17568882624308621776/package/lib/server/dispatchers/dispatcher.js:94:40)
    at DispatcherConnection.dispatch (/tmp/playwright-java-17568882624308621776/package/lib/server/dispatchers/dispatcher.js:361:39)
}
Call log:
- waiting for locator("#nav-link-accountList")

at com.microsoft.playwright.impl.WaitableResult.get(WaitableResult.java:52)
at com.microsoft.playwright.impl.ChannelOwner.runUntil(ChannelOwner.java:120)
at com.microsoft.playwright.impl.Connection.sendMessage(Connection.java:130)
at com.microsoft.playwright.impl.ChannelOwner.sendMessage(ChannelOwner.java:106)
at com.microsoft.playwright.impl.FrameImpl.clickImpl(FrameImpl.java:252)
at com.microsoft.playwright.impl.PageImpl.lambda$click$18(PageImpl.java:682)
at com.microsoft.playwright.impl.LoggingSupport.lambda$withLogging$0(LoggingSupport.java:36)
at com.microsoft.playwright.impl.LoggingSupport.withLogging(LoggingSupport.java:47)
at com.microsoft.playwright.impl.ChannelOwner.withLogging(ChannelOwner.java:89)
at com.microsoft.playwright.impl.LoggingSupport.withLogging(LoggingSupport.java:35)
at com.microsoft.playwright.impl.PageImpl.click(PageImpl.java:681)
at com.microsoft.playwright.Page.click(Page.java:3902)
at com.example.playwright.LoginTest.loginWithEmptyFields(LoginTest.java:28)
at java.base/jdk.internal.reflect.NativeMethodAccessorImpl.invoke0(Native Method)
at java.base/jdk.internal.reflect.NativeMethodAccessorImpl.invoke(NativeMethodAccessorImpl.java:77)
at java.base/jdk.internal.reflect.DelegatingMethodAccessorImpl.invoke(DelegatingMethodAccessorImpl.java:43)
at java.base/java.lang.reflect.Method.invoke(Method.java:568)
at org.testng.internal.invokers.MethodInvocationHelper.invokeMethod(MethodInvocationHelper.java:141)
at org.testng.internal.invokers.TestInvoker.invokeMethod(TestInvoker.java:686)
at org.testng.internal.invokers.TestInvoker.invokeTestMethod(TestInvoker.java:230)
at org.testng.internal.invokers.MethodRunner.runInSequence(MethodRunner.java:63)
at org.testng.internal.invokers.TestInvoker$MethodInvocationAgent.invoke(TestInvoker.java:992)
at org.testng.internal.invokers.TestInvoker.invokeTestMethods(TestInvoker.java:203)
at org.testng.internal.invokers.TestMethodWorker.invokeTestMethods(TestMethodWorker.java:154)
at org.testng.internal.invokers.TestMethodWorker.run(TestMethodWorker.java:134)
at java.base/java.util.ArrayList.forEach(ArrayList.java:1511)
at org.testng.TestRunner.privateRun(TestRunner.java:739)
at org.testng.TestRunner.run(TestRunner.java:614)
at org.testng.SuiteRunner.runTest(SuiteRunner.java:421)
at org.testng.SuiteRunner.runSequentially(SuiteRunner.java:413)
at org.testng.SuiteRunner.privateRun(SuiteRunner.java:373)
at org.testng.SuiteRunner.run(SuiteRunner.java:312)
at org.testng.SuiteRunnerWorker.runSuite(SuiteRunnerWorker.java:52)
at org.testng.SuiteRunnerWorker.run(SuiteRunnerWorker.java:95)
at org.testng.TestNG.runSuitesSequentially(TestNG.java:1274)
at org.testng.TestNG.runSuitesLocally(TestNG.java:1208)
at org.testng.TestNG.runSuites(TestNG.java:1112)
at org.testng.TestNG.run(TestNG.java:1079)
at org.testng.remote.AbstractRemoteTestNG.run(AbstractRemoteTestNG.java:115)
at org.testng.remote.RemoteTestNG.initAndRun(RemoteTestNG.java:293)
at org.testng.remote.RemoteTestNG.main(RemoteTestNG.java:91)
Caused by: com.microsoft.playwright.TimeoutError: Error {
  message='Timeout 5000ms exceeded.
  name='TimeoutError
  stack='TimeoutError: Timeout 5000ms exceeded.
    at ProgressController.run (/tmp/playwright-java-17568882624308621776/package/lib/server/progress.js:78:26)
    at Frame.click (/tmp/playwright-java-17568882624308621776/package/lib/server/frames.js:1013:23)
    at FrameDispatcher.click (/tmp/playwright-java-17568882624308621776/package/lib/server/dispatchers/frameDispatcher.js:157:30)
    at FrameDispatcher._handleCommand (/tmp/playwright-java-17568882624308621776/package/lib/server/dispatchers/dispatcher.js:94:40)
    at DispatcherConnection.dispatch (/tmp/playwright-java-17568882624308621776/package/lib/server/dispatchers/dispatcher.js:361:39)
}
Call log:
- waiting for locator("#nav-link-accountList")

at com.microsoft.playwright.impl.Connection.dispatch(Connection.java:254)
at com.microsoft.playwright.impl.Connection.processOneMessage(Connection.java:211)
at com.microsoft.playwright.impl.ChannelOwner.runUntil(ChannelOwner.java:118)
... 39 more
]]>
            </full-stacktrace>
          </exception> <!-- com.microsoft.playwright.TimeoutError -->
          <reporter-output>
          </reporter-output>
        </test-method> <!-- loginWithEmptyFields -->
        <test-method is-config="true" signature="takeScreenshotOnFailureOrSuccess(org.testng.ITestResult)[pri:0, instance:com.example.playwright.LoginTest@1efe439d]" started-at="2024-11-11T18:08:23 IST" name="takeScreenshotOnFailureOrSuccess" finished-at="2024-11-11T18:08:23 IST" duration-ms="153" status="PASS">
          <params>
            <param index="0">
              <value>
                <![CDATA[[TestResult name=loginWithEmptyFields status=FAILURE method=LoginTest.loginWithEmptyFields()[pri:2, instance:com.example.playwright.LoginTest@1efe439d] output={null}]]]>
              </value>
            </param>
          </params>
          <reporter-output>
          </reporter-output>
        </test-method> <!-- takeScreenshotOnFailureOrSuccess -->
        <test-method signature="loginTest()[pri:3, instance:com.example.playwright.LoginTest@1efe439d]" started-at="2024-11-11T18:08:23 IST" name="loginTest" description="Login with valid credentials" finished-at="2024-11-11T18:08:28 IST" duration-ms="5003" status="FAIL">
          <exception class="com.microsoft.playwright.TimeoutError">
            <message>
              <![CDATA[Error {
  message='Timeout 5000ms exceeded.
  name='TimeoutError
  stack='TimeoutError: Timeout 5000ms exceeded.
    at ProgressController.run (/tmp/playwright-java-17568882624308621776/package/lib/server/progress.js:78:26)
    at Frame.click (/tmp/playwright-java-17568882624308621776/package/lib/server/frames.js:1013:23)
    at FrameDispatcher.click (/tmp/playwright-java-17568882624308621776/package/lib/server/dispatchers/frameDispatcher.js:157:30)
    at FrameDispatcher._handleCommand (/tmp/playwright-java-17568882624308621776/package/lib/server/dispatchers/dispatcher.js:94:40)
    at DispatcherConnection.dispatch (/tmp/playwright-java-17568882624308621776/package/lib/server/dispatchers/dispatcher.js:361:39)
}
Call log:
- waiting for locator("#nav-link-accountList")
]]>
            </message>
            <full-stacktrace>
              <![CDATA[com.microsoft.playwright.TimeoutError: Error {
  message='Timeout 5000ms exceeded.
  name='TimeoutError
  stack='TimeoutError: Timeout 5000ms exceeded.
    at ProgressController.run (/tmp/playwright-java-17568882624308621776/package/lib/server/progress.js:78:26)
    at Frame.click (/tmp/playwright-java-17568882624308621776/package/lib/server/frames.js:1013:23)
    at FrameDispatcher.click (/tmp/playwright-java-17568882624308621776/package/lib/server/dispatchers/frameDispatcher.js:157:30)
    at FrameDispatcher._handleCommand (/tmp/playwright-java-17568882624308621776/package/lib/server/dispatchers/dispatcher.js:94:40)
    at DispatcherConnection.dispatch (/tmp/playwright-java-17568882624308621776/package/lib/server/dispatchers/dispatcher.js:361:39)
}
Call log:
- waiting for locator("#nav-link-accountList")

at com.microsoft.playwright.impl.WaitableResult.get(WaitableResult.java:52)
at com.microsoft.playwright.impl.ChannelOwner.runUntil(ChannelOwner.java:120)
at com.microsoft.playwright.impl.Connection.sendMessage(Connection.java:130)
at com.microsoft.playwright.impl.ChannelOwner.sendMessage(ChannelOwner.java:106)
at com.microsoft.playwright.impl.FrameImpl.clickImpl(FrameImpl.java:252)
at com.microsoft.playwright.impl.PageImpl.lambda$click$18(PageImpl.java:682)
at com.microsoft.playwright.impl.LoggingSupport.lambda$withLogging$0(LoggingSupport.java:36)
at com.microsoft.playwright.impl.LoggingSupport.withLogging(LoggingSupport.java:47)
at com.microsoft.playwright.impl.ChannelOwner.withLogging(ChannelOwner.java:89)
at com.microsoft.playwright.impl.LoggingSupport.withLogging(LoggingSupport.java:35)
at com.microsoft.playwright.impl.PageImpl.click(PageImpl.java:681)
at com.microsoft.playwright.Page.click(Page.java:3902)
at com.example.playwright.LoginTest.loginTest(LoginTest.java:44)
at java.base/jdk.internal.reflect.NativeMethodAccessorImpl.invoke0(Native Method)
at java.base/jdk.internal.reflect.NativeMethodAccessorImpl.invoke(NativeMethodAccessorImpl.java:77)
at java.base/jdk.internal.reflect.DelegatingMethodAccessorImpl.invoke(DelegatingMethodAccessorImpl.java:43)
at java.base/java.lang.reflect.Method.invoke(Method.java:568)
at org.testng.internal.invokers.MethodInvocationHelper.invokeMethod(MethodInvocationHelper.java:141)
at org.testng.internal.invokers.TestInvoker.invokeMethod(TestInvoker.java:686)
at org.testng.internal.invokers.TestInvoker.invokeTestMethod(TestInvoker.java:230)
at org.testng.internal.invokers.MethodRunner.runInSequence(MethodRunner.java:63)
at org.testng.internal.invokers.TestInvoker$MethodInvocationAgent.invoke(TestInvoker.java:992)
at org.testng.internal.invokers.TestInvoker.invokeTestMethods(TestInvoker.java:203)
at org.testng.internal.invokers.TestMethodWorker.invokeTestMethods(TestMethodWorker.java:154)
at org.testng.internal.invokers.TestMethodWorker.run(TestMethodWorker.java:134)
at java.base/java.util.ArrayList.forEach(ArrayList.java:1511)
at org.testng.TestRunner.privateRun(TestRunner.java:739)
at org.testng.TestRunner.run(TestRunner.java:614)
at org.testng.SuiteRunner.runTest(SuiteRunner.java:421)
at org.testng.SuiteRunner.runSequentially(SuiteRunner.java:413)
at org.testng.SuiteRunner.privateRun(SuiteRunner.java:373)
at org.testng.SuiteRunner.run(SuiteRunner.java:312)
at org.testng.SuiteRunnerWorker.runSuite(SuiteRunnerWorker.java:52)
at org.testng.SuiteRunnerWorker.run(SuiteRunnerWorker.java:95)
at org.testng.TestNG.runSuitesSequentially(TestNG.java:1274)
at org.testng.TestNG.runSuitesLocally(TestNG.java:1208)
at org.testng.TestNG.runSuites(TestNG.java:1112)
at org.testng.TestNG.run(TestNG.java:1079)
at org.testng.remote.AbstractRemoteTestNG.run(AbstractRemoteTestNG.java:115)
at org.testng.remote.RemoteTestNG.initAndRun(RemoteTestNG.java:293)
at org.testng.remote.RemoteTestNG.main(RemoteTestNG.java:91)
Caused by: com.microsoft.playwright.TimeoutError: Error {
  message='Timeout 5000ms exceeded.
  name='TimeoutError
  stack='TimeoutError: Timeout 5000ms exceeded.
    at ProgressController.run (/tmp/playwright-java-17568882624308621776/package/lib/server/progress.js:78:26)
    at Frame.click (/tmp/playwright-java-17568882624308621776/package/lib/server/frames.js:1013:23)
    at FrameDispatcher.click (/tmp/playwright-java-17568882624308621776/package/lib/server/dispatchers/frameDispatcher.js:157:30)
    at FrameDispatcher._handleCommand (/tmp/playwright-java-17568882624308621776/package/lib/server/dispatchers/dispatcher.js:94:40)
    at DispatcherConnection.dispatch (/tmp/playwright-java-17568882624308621776/package/lib/server/dispatchers/dispatcher.js:361:39)
}
Call log:
- waiting for locator("#nav-link-accountList")

at com.microsoft.playwright.impl.Connection.dispatch(Connection.java:254)
at com.microsoft.playwright.impl.Connection.processOneMessage(Connection.java:211)
at com.microsoft.playwright.impl.ChannelOwner.runUntil(ChannelOwner.java:118)
... 39 more
]]>
            </full-stacktrace>
          </exception> <!-- com.microsoft.playwright.TimeoutError -->
          <reporter-output>
          </reporter-output>
        </test-method> <!-- loginTest -->
        <test-method is-config="true" signature="takeScreenshotOnFailureOrSuccess(org.testng.ITestResult)[pri:0, instance:com.example.playwright.LoginTest@1efe439d]" started-at="2024-11-11T18:08:28 IST" name="takeScreenshotOnFailureOrSuccess" finished-at="2024-11-11T18:08:28 IST" duration-ms="115" status="PASS">
          <params>
            <param index="0">
              <value>
                <![CDATA[[TestResult name=loginTest status=FAILURE method=LoginTest.loginTest()[pri:3, instance:com.example.playwright.LoginTest@1efe439d] output={null}]]]>
              </value>
            </param>
          </params>
          <reporter-output>
          </reporter-output>
        </test-method> <!-- takeScreenshotOnFailureOrSuccess -->
        <test-method is-config="true" signature="tearDown()[pri:0, instance:com.example.playwright.LoginTest@1efe439d]" started-at="2024-11-11T18:08:33 IST" name="tearDown" finished-at="2024-11-11T18:08:33 IST" duration-ms="394" status="PASS">
          <reporter-output>
          </reporter-output>
        </test-method> <!-- tearDown -->
      </class> <!-- com.example.playwright.LoginTest -->
    </test> <!-- ChromiumTest -->
  </suite> <!-- CrossBrowserSuite -->
</testng-results>
