<?xml version="1.0" encoding="UTF-8"?>
<!-- Generated by org.testng.reporters.JUnitXMLReporter -->
<testsuite ignored="2" hostname="tblr-lws-119" failures="1" tests="4" name="ChromiumTest" time="88.265" errors="0" timestamp="2024-11-13T14:00:00 IST">
  <testcase classname="com.example.playwright.LoginTest" name="loginWithInvalidCredentials" time="4.18"/>
  <testcase classname="com.example.playwright.LoginTest" name="loginWithEmptyFields" time="5.739"/>
  <testcase classname="com.example.playwright.LoginTest" name="loginTest" time="11.56"/>
  <testcase classname="com.example.playwright.AddToCartTest" name="searchAndAddToCartTest" time="14.377">
    <failure type="com.microsoft.playwright.TimeoutError" message="Error {
  message=&amp;apos;Timeout 5000ms exceeded.
  name=&amp;apos;TimeoutError
  stack=&amp;apos;TimeoutError: Timeout 5000ms exceeded.
    at ProgressController.run (/tmp/playwright-java-14524698968352094589/package/lib/server/progress.js:78:26)
    at Frame.click (/tmp/playwright-java-14524698968352094589/package/lib/server/frames.js:1013:23)
    at FrameDispatcher.click (/tmp/playwright-java-14524698968352094589/package/lib/server/dispatchers/frameDispatcher.js:157:30)
    at FrameDispatcher._handleCommand (/tmp/playwright-java-14524698968352094589/package/lib/server/dispatchers/dispatcher.js:94:40)
    at DispatcherConnection.dispatch (/tmp/playwright-java-14524698968352094589/package/lib/server/dispatchers/dispatcher.js:361:39)
}
Call log:
- waiting for locator(&amp;quot;body.a-aui_72554-c.a-aui_a11y_2_750578-t2.a-aui_a11y_6_837773-t2.a-aui_a11y_sr_678508-t1.a-aui_amzn_img_959719-t4.a-aui_amzn_img_gate_959718-t1.a-aui_killswitch_csa_logger_372963-c.a-aui_pci_risk_banner_210084-c.a-aui_template_weblab_cache_333406-c.a-aui_tnr_v2_180836-c.a-meter-animate:nth-child(2) div.a-container.sc-background-dark:nth-child(27) div.a-section.a-spacing-none.sc-fifteen-hundred-desktop-max-width:nth-child(5) div.a-fixed-right-flipped-grid:nth-child(6) div.a-fixed-right-grid-inner div.a-fixed-right-grid-col.a-col-right:nth-child(1) div.a-cardui.sc-card-style.sc-java-remote-feature.celwidget.sc-card-spacing-top-none div.a-cardui-body.a-scroller-none div.a-box-group.sc-buy-box-group:nth-child(1) div.a-section.sc-buy-box-inner-box:nth-child(9) span.celwidget:nth-child(3) span.a-button.a-button-normal.a-button-span12.a-button-primary:nth-child(1) span.a-button-inner &amp;gt; input.a-button-input&amp;quot;)
">
      <![CDATA[com.microsoft.playwright.TimeoutError: Error {
  message='Timeout 5000ms exceeded.
  name='TimeoutError
  stack='TimeoutError: Timeout 5000ms exceeded.
    at ProgressController.run (/tmp/playwright-java-14524698968352094589/package/lib/server/progress.js:78:26)
    at Frame.click (/tmp/playwright-java-14524698968352094589/package/lib/server/frames.js:1013:23)
    at FrameDispatcher.click (/tmp/playwright-java-14524698968352094589/package/lib/server/dispatchers/frameDispatcher.js:157:30)
    at FrameDispatcher._handleCommand (/tmp/playwright-java-14524698968352094589/package/lib/server/dispatchers/dispatcher.js:94:40)
    at DispatcherConnection.dispatch (/tmp/playwright-java-14524698968352094589/package/lib/server/dispatchers/dispatcher.js:361:39)
}
Call log:
- waiting for locator("body.a-aui_72554-c.a-aui_a11y_2_750578-t2.a-aui_a11y_6_837773-t2.a-aui_a11y_sr_678508-t1.a-aui_amzn_img_959719-t4.a-aui_amzn_img_gate_959718-t1.a-aui_killswitch_csa_logger_372963-c.a-aui_pci_risk_banner_210084-c.a-aui_template_weblab_cache_333406-c.a-aui_tnr_v2_180836-c.a-meter-animate:nth-child(2) div.a-container.sc-background-dark:nth-child(27) div.a-section.a-spacing-none.sc-fifteen-hundred-desktop-max-width:nth-child(5) div.a-fixed-right-flipped-grid:nth-child(6) div.a-fixed-right-grid-inner div.a-fixed-right-grid-col.a-col-right:nth-child(1) div.a-cardui.sc-card-style.sc-java-remote-feature.celwidget.sc-card-spacing-top-none div.a-cardui-body.a-scroller-none div.a-box-group.sc-buy-box-group:nth-child(1) div.a-section.sc-buy-box-inner-box:nth-child(9) span.celwidget:nth-child(3) span.a-button.a-button-normal.a-button-span12.a-button-primary:nth-child(1) span.a-button-inner > input.a-button-input")

at com.microsoft.playwright.impl.WaitableResult.get(WaitableResult.java:52)
at com.microsoft.playwright.impl.ChannelOwner.runUntil(ChannelOwner.java:120)
at com.microsoft.playwright.impl.Connection.sendMessage(Connection.java:130)
at com.microsoft.playwright.impl.ChannelOwner.sendMessage(ChannelOwner.java:106)
at com.microsoft.playwright.impl.FrameImpl.clickImpl(FrameImpl.java:252)
at com.microsoft.playwright.impl.PageImpl.lambda$click$18(PageImpl.java:682)
at com.microsoft.playwright.impl.LoggingSupport.lambda$withLogging$0(LoggingSupport.java:36)
at com.microsoft.playwright.impl.LoggingSupport.withLogging(LoggingSupport.java:47)
at com.microsoft.playwright.impl.ChannelOwner.withLogging(ChannelOwner.java:89)
at com.microsoft.playwright.impl.LoggingSupport.withLogging(LoggingSupport.java:35)
at com.microsoft.playwright.impl.PageImpl.click(PageImpl.java:681)
at com.microsoft.playwright.Page.click(Page.java:3902)
at com.example.playwright.AddToCartTest.searchAndAddToCartTest(AddToCartTest.java:48)
at java.base/java.util.ArrayList.forEach(ArrayList.java:1511)
Caused by: com.microsoft.playwright.TimeoutError: Error {
  message='Timeout 5000ms exceeded.
  name='TimeoutError
  stack='TimeoutError: Timeout 5000ms exceeded.
    at ProgressController.run (/tmp/playwright-java-14524698968352094589/package/lib/server/progress.js:78:26)
    at Frame.click (/tmp/playwright-java-14524698968352094589/package/lib/server/frames.js:1013:23)
    at FrameDispatcher.click (/tmp/playwright-java-14524698968352094589/package/lib/server/dispatchers/frameDispatcher.js:157:30)
    at FrameDispatcher._handleCommand (/tmp/playwright-java-14524698968352094589/package/lib/server/dispatchers/dispatcher.js:94:40)
    at DispatcherConnection.dispatch (/tmp/playwright-java-14524698968352094589/package/lib/server/dispatchers/dispatcher.js:361:39)
}
Call log:
- waiting for locator("body.a-aui_72554-c.a-aui_a11y_2_750578-t2.a-aui_a11y_6_837773-t2.a-aui_a11y_sr_678508-t1.a-aui_amzn_img_959719-t4.a-aui_amzn_img_gate_959718-t1.a-aui_killswitch_csa_logger_372963-c.a-aui_pci_risk_banner_210084-c.a-aui_template_weblab_cache_333406-c.a-aui_tnr_v2_180836-c.a-meter-animate:nth-child(2) div.a-container.sc-background-dark:nth-child(27) div.a-section.a-spacing-none.sc-fifteen-hundred-desktop-max-width:nth-child(5) div.a-fixed-right-flipped-grid:nth-child(6) div.a-fixed-right-grid-inner div.a-fixed-right-grid-col.a-col-right:nth-child(1) div.a-cardui.sc-card-style.sc-java-remote-feature.celwidget.sc-card-spacing-top-none div.a-cardui-body.a-scroller-none div.a-box-group.sc-buy-box-group:nth-child(1) div.a-section.sc-buy-box-inner-box:nth-child(9) span.celwidget:nth-child(3) span.a-button.a-button-normal.a-button-span12.a-button-primary:nth-child(1) span.a-button-inner > input.a-button-input")

at com.microsoft.playwright.impl.Connection.dispatch(Connection.java:254)
at com.microsoft.playwright.impl.Connection.processOneMessage(Connection.java:211)
at com.microsoft.playwright.impl.ChannelOwner.runUntil(ChannelOwner.java:118)
... 39 more
... Removed 27 stack frames]]>
    </failure>
  </testcase> <!-- searchAndAddToCartTest -->
  <testcase classname="com.example.playwright.BaseTest" name="@BeforeTest setup" time="0.0">
    <ignored/>
  </testcase> <!-- @BeforeTest setup -->
  <testcase classname="com.example.playwright.BaseTest" name="@AfterTest tearDown" time="0.0">
    <ignored/>
  </testcase> <!-- @AfterTest tearDown -->
</testsuite> <!-- ChromiumTest -->
