<?xml version="1.0" encoding="UTF-8"?>
<!-- Generated by org.testng.reporters.JUnitXMLReporter -->
<testsuite ignored="2" hostname="tblr-lws-119" failures="3" tests="4" name="ChromiumTest" time="72.006" errors="0" timestamp="2024-11-11T18:08:33 IST">
  <testcase classname="com.example.playwright.LoginTest" name="loginWithInvalidCredentials" time="4.346"/>
  <testcase classname="com.example.playwright.LoginTest" name="loginWithEmptyFields" time="5.003">
    <failure type="com.microsoft.playwright.TimeoutError" message="Error {
  message=&amp;apos;Timeout 5000ms exceeded.
  name=&amp;apos;TimeoutError
  stack=&amp;apos;TimeoutError: Timeout 5000ms exceeded.
    at ProgressController.run (/tmp/playwright-java-17568882624308621776/package/lib/server/progress.js:78:26)
    at Frame.click (/tmp/playwright-java-17568882624308621776/package/lib/server/frames.js:1013:23)
    at FrameDispatcher.click (/tmp/playwright-java-17568882624308621776/package/lib/server/dispatchers/frameDispatcher.js:157:30)
    at FrameDispatcher._handleCommand (/tmp/playwright-java-17568882624308621776/package/lib/server/dispatchers/dispatcher.js:94:40)
    at DispatcherConnection.dispatch (/tmp/playwright-java-17568882624308621776/package/lib/server/dispatchers/dispatcher.js:361:39)
}
Call log:
- waiting for locator(&amp;quot;#nav-link-accountList&amp;quot;)
">
      <![CDATA[com.microsoft.playwright.TimeoutError: Error {
  message='Timeout 5000ms exceeded.
  name='TimeoutError
  stack='TimeoutError: Timeout 5000ms exceeded.
    at ProgressController.run (/tmp/playwright-java-17568882624308621776/package/lib/server/progress.js:78:26)
    at Frame.click (/tmp/playwright-java-17568882624308621776/package/lib/server/frames.js:1013:23)
    at FrameDispatcher.click (/tmp/playwright-java-17568882624308621776/package/lib/server/dispatchers/frameDispatcher.js:157:30)
    at FrameDispatcher._handleCommand (/tmp/playwright-java-17568882624308621776/package/lib/server/dispatchers/dispatcher.js:94:40)
    at DispatcherConnection.dispatch (/tmp/playwright-java-17568882624308621776/package/lib/server/dispatchers/dispatcher.js:361:39)
}
Call log:
- waiting for locator("#nav-link-accountList")

at com.microsoft.playwright.impl.WaitableResult.get(WaitableResult.java:52)
at com.microsoft.playwright.impl.ChannelOwner.runUntil(ChannelOwner.java:120)
at com.microsoft.playwright.impl.Connection.sendMessage(Connection.java:130)
at com.microsoft.playwright.impl.ChannelOwner.sendMessage(ChannelOwner.java:106)
at com.microsoft.playwright.impl.FrameImpl.clickImpl(FrameImpl.java:252)
at com.microsoft.playwright.impl.PageImpl.lambda$click$18(PageImpl.java:682)
at com.microsoft.playwright.impl.LoggingSupport.lambda$withLogging$0(LoggingSupport.java:36)
at com.microsoft.playwright.impl.LoggingSupport.withLogging(LoggingSupport.java:47)
at com.microsoft.playwright.impl.ChannelOwner.withLogging(ChannelOwner.java:89)
at com.microsoft.playwright.impl.LoggingSupport.withLogging(LoggingSupport.java:35)
at com.microsoft.playwright.impl.PageImpl.click(PageImpl.java:681)
at com.microsoft.playwright.Page.click(Page.java:3902)
at com.example.playwright.LoginTest.loginWithEmptyFields(LoginTest.java:28)
at java.base/java.util.ArrayList.forEach(ArrayList.java:1511)
Caused by: com.microsoft.playwright.TimeoutError: Error {
  message='Timeout 5000ms exceeded.
  name='TimeoutError
  stack='TimeoutError: Timeout 5000ms exceeded.
    at ProgressController.run (/tmp/playwright-java-17568882624308621776/package/lib/server/progress.js:78:26)
    at Frame.click (/tmp/playwright-java-17568882624308621776/package/lib/server/frames.js:1013:23)
    at FrameDispatcher.click (/tmp/playwright-java-17568882624308621776/package/lib/server/dispatchers/frameDispatcher.js:157:30)
    at FrameDispatcher._handleCommand (/tmp/playwright-java-17568882624308621776/package/lib/server/dispatchers/dispatcher.js:94:40)
    at DispatcherConnection.dispatch (/tmp/playwright-java-17568882624308621776/package/lib/server/dispatchers/dispatcher.js:361:39)
}
Call log:
- waiting for locator("#nav-link-accountList")

at com.microsoft.playwright.impl.Connection.dispatch(Connection.java:254)
at com.microsoft.playwright.impl.Connection.processOneMessage(Connection.java:211)
at com.microsoft.playwright.impl.ChannelOwner.runUntil(ChannelOwner.java:118)
... 39 more
... Removed 27 stack frames]]>
    </failure>
  </testcase> <!-- loginWithEmptyFields -->
  <testcase classname="com.example.playwright.LoginTest" name="loginTest" time="5.003">
    <failure type="com.microsoft.playwright.TimeoutError" message="Error {
  message=&amp;apos;Timeout 5000ms exceeded.
  name=&amp;apos;TimeoutError
  stack=&amp;apos;TimeoutError: Timeout 5000ms exceeded.
    at ProgressController.run (/tmp/playwright-java-17568882624308621776/package/lib/server/progress.js:78:26)
    at Frame.click (/tmp/playwright-java-17568882624308621776/package/lib/server/frames.js:1013:23)
    at FrameDispatcher.click (/tmp/playwright-java-17568882624308621776/package/lib/server/dispatchers/frameDispatcher.js:157:30)
    at FrameDispatcher._handleCommand (/tmp/playwright-java-17568882624308621776/package/lib/server/dispatchers/dispatcher.js:94:40)
    at DispatcherConnection.dispatch (/tmp/playwright-java-17568882624308621776/package/lib/server/dispatchers/dispatcher.js:361:39)
}
Call log:
- waiting for locator(&amp;quot;#nav-link-accountList&amp;quot;)
">
      <![CDATA[com.microsoft.playwright.TimeoutError: Error {
  message='Timeout 5000ms exceeded.
  name='TimeoutError
  stack='TimeoutError: Timeout 5000ms exceeded.
    at ProgressController.run (/tmp/playwright-java-17568882624308621776/package/lib/server/progress.js:78:26)
    at Frame.click (/tmp/playwright-java-17568882624308621776/package/lib/server/frames.js:1013:23)
    at FrameDispatcher.click (/tmp/playwright-java-17568882624308621776/package/lib/server/dispatchers/frameDispatcher.js:157:30)
    at FrameDispatcher._handleCommand (/tmp/playwright-java-17568882624308621776/package/lib/server/dispatchers/dispatcher.js:94:40)
    at DispatcherConnection.dispatch (/tmp/playwright-java-17568882624308621776/package/lib/server/dispatchers/dispatcher.js:361:39)
}
Call log:
- waiting for locator("#nav-link-accountList")

at com.microsoft.playwright.impl.WaitableResult.get(WaitableResult.java:52)
at com.microsoft.playwright.impl.ChannelOwner.runUntil(ChannelOwner.java:120)
at com.microsoft.playwright.impl.Connection.sendMessage(Connection.java:130)
at com.microsoft.playwright.impl.ChannelOwner.sendMessage(ChannelOwner.java:106)
at com.microsoft.playwright.impl.FrameImpl.clickImpl(FrameImpl.java:252)
at com.microsoft.playwright.impl.PageImpl.lambda$click$18(PageImpl.java:682)
at com.microsoft.playwright.impl.LoggingSupport.lambda$withLogging$0(LoggingSupport.java:36)
at com.microsoft.playwright.impl.LoggingSupport.withLogging(LoggingSupport.java:47)
at com.microsoft.playwright.impl.ChannelOwner.withLogging(ChannelOwner.java:89)
at com.microsoft.playwright.impl.LoggingSupport.withLogging(LoggingSupport.java:35)
at com.microsoft.playwright.impl.PageImpl.click(PageImpl.java:681)
at com.microsoft.playwright.Page.click(Page.java:3902)
at com.example.playwright.LoginTest.loginTest(LoginTest.java:44)
at java.base/java.util.ArrayList.forEach(ArrayList.java:1511)
Caused by: com.microsoft.playwright.TimeoutError: Error {
  message='Timeout 5000ms exceeded.
  name='TimeoutError
  stack='TimeoutError: Timeout 5000ms exceeded.
    at ProgressController.run (/tmp/playwright-java-17568882624308621776/package/lib/server/progress.js:78:26)
    at Frame.click (/tmp/playwright-java-17568882624308621776/package/lib/server/frames.js:1013:23)
    at FrameDispatcher.click (/tmp/playwright-java-17568882624308621776/package/lib/server/dispatchers/frameDispatcher.js:157:30)
    at FrameDispatcher._handleCommand (/tmp/playwright-java-17568882624308621776/package/lib/server/dispatchers/dispatcher.js:94:40)
    at DispatcherConnection.dispatch (/tmp/playwright-java-17568882624308621776/package/lib/server/dispatchers/dispatcher.js:361:39)
}
Call log:
- waiting for locator("#nav-link-accountList")

at com.microsoft.playwright.impl.Connection.dispatch(Connection.java:254)
at com.microsoft.playwright.impl.Connection.processOneMessage(Connection.java:211)
at com.microsoft.playwright.impl.ChannelOwner.runUntil(ChannelOwner.java:118)
... 39 more
... Removed 27 stack frames]]>
    </failure>
  </testcase> <!-- loginTest -->
  <testcase classname="com.example.playwright.AddToCartTest" name="searchAndAddToCartTest" time="5.003">
    <failure type="com.microsoft.playwright.TimeoutError" message="Error {
  message=&amp;apos;Timeout 5000ms exceeded.
  name=&amp;apos;TimeoutError
  stack=&amp;apos;TimeoutError: Timeout 5000ms exceeded.
    at ProgressController.run (/tmp/playwright-java-17568882624308621776/package/lib/server/progress.js:78:26)
    at Frame.waitForSelector (/tmp/playwright-java-17568882624308621776/package/lib/server/frames.js:624:23)
    at FrameDispatcher.waitForSelector (/tmp/playwright-java-17568882624308621776/package/lib/server/dispatchers/frameDispatcher.js:105:103)
    at FrameDispatcher._handleCommand (/tmp/playwright-java-17568882624308621776/package/lib/server/dispatchers/dispatcher.js:94:40)
    at DispatcherConnection.dispatch (/tmp/playwright-java-17568882624308621776/package/lib/server/dispatchers/dispatcher.js:361:39)
}
Call log:
- waiting for locator(&amp;quot;#searchDropdownBox&amp;quot;) to be visible
">
      <![CDATA[com.microsoft.playwright.TimeoutError: Error {
  message='Timeout 5000ms exceeded.
  name='TimeoutError
  stack='TimeoutError: Timeout 5000ms exceeded.
    at ProgressController.run (/tmp/playwright-java-17568882624308621776/package/lib/server/progress.js:78:26)
    at Frame.waitForSelector (/tmp/playwright-java-17568882624308621776/package/lib/server/frames.js:624:23)
    at FrameDispatcher.waitForSelector (/tmp/playwright-java-17568882624308621776/package/lib/server/dispatchers/frameDispatcher.js:105:103)
    at FrameDispatcher._handleCommand (/tmp/playwright-java-17568882624308621776/package/lib/server/dispatchers/dispatcher.js:94:40)
    at DispatcherConnection.dispatch (/tmp/playwright-java-17568882624308621776/package/lib/server/dispatchers/dispatcher.js:361:39)
}
Call log:
- waiting for locator("#searchDropdownBox") to be visible

at com.microsoft.playwright.impl.WaitableResult.get(WaitableResult.java:52)
at com.microsoft.playwright.impl.ChannelOwner.runUntil(ChannelOwner.java:120)
at com.microsoft.playwright.impl.Connection.sendMessage(Connection.java:130)
at com.microsoft.playwright.impl.ChannelOwner.sendMessage(ChannelOwner.java:106)
at com.microsoft.playwright.impl.FrameImpl.waitForSelectorImpl(FrameImpl.java:1060)
at com.microsoft.playwright.impl.FrameImpl.waitForSelectorImpl(FrameImpl.java:1050)
at com.microsoft.playwright.impl.PageImpl.lambda$waitForSelector$93(PageImpl.java:1553)
at com.microsoft.playwright.impl.LoggingSupport.withLogging(LoggingSupport.java:47)
at com.microsoft.playwright.impl.ChannelOwner.withLogging(ChannelOwner.java:89)
at com.microsoft.playwright.impl.PageImpl.waitForSelector(PageImpl.java:1552)
at com.microsoft.playwright.Page.waitForSelector(Page.java:8191)
at com.example.playwright.AddToCartTest.searchAndAddToCartTest(AddToCartTest.java:12)
at java.base/java.util.ArrayList.forEach(ArrayList.java:1511)
Caused by: com.microsoft.playwright.TimeoutError: Error {
  message='Timeout 5000ms exceeded.
  name='TimeoutError
  stack='TimeoutError: Timeout 5000ms exceeded.
    at ProgressController.run (/tmp/playwright-java-17568882624308621776/package/lib/server/progress.js:78:26)
    at Frame.waitForSelector (/tmp/playwright-java-17568882624308621776/package/lib/server/frames.js:624:23)
    at FrameDispatcher.waitForSelector (/tmp/playwright-java-17568882624308621776/package/lib/server/dispatchers/frameDispatcher.js:105:103)
    at FrameDispatcher._handleCommand (/tmp/playwright-java-17568882624308621776/package/lib/server/dispatchers/dispatcher.js:94:40)
    at DispatcherConnection.dispatch (/tmp/playwright-java-17568882624308621776/package/lib/server/dispatchers/dispatcher.js:361:39)
}
Call log:
- waiting for locator("#searchDropdownBox") to be visible

at com.microsoft.playwright.impl.Connection.dispatch(Connection.java:254)
at com.microsoft.playwright.impl.Connection.processOneMessage(Connection.java:211)
at com.microsoft.playwright.impl.ChannelOwner.runUntil(ChannelOwner.java:118)
... 38 more
... Removed 27 stack frames]]>
    </failure>
  </testcase> <!-- searchAndAddToCartTest -->
  <testcase classname="com.example.playwright.BaseTest" name="@BeforeTest setup" time="0.0">
    <ignored/>
  </testcase> <!-- @BeforeTest setup -->
  <testcase classname="com.example.playwright.BaseTest" name="@AfterTest tearDown" time="0.0">
    <ignored/>
  </testcase> <!-- @AfterTest tearDown -->
</testsuite> <!-- ChromiumTest -->
