<?xml version="1.0" encoding="UTF-8"?>
<!-- Generated by org.testng.reporters.JUnitXMLReporter -->
<testsuite ignored="2" hostname="tblr-lws-119" failures="1" tests="4" name="FirefoxTest" time="35.652" errors="0" timestamp="2024-10-15T15:32:36 IST">
  <testcase classname="com.example.playwright.LoginTest" name="loginWithInvalidCredentials" time="4.116"/>
  <testcase classname="com.example.playwright.LoginTest" name="loginWithEmptyFields" time="2.283">
    <failure type="com.microsoft.playwright.PlaywrightException" message="Error {
  message=&amp;apos;Error: strict mode violation: locator(&amp;quot;text=Enter your email or mobile phone number&amp;quot;) resolved to 3 elements:
    1) &amp;lt;span id=&amp;quot;emailErrorAnnounce&amp;quot;&amp;gt;↵  Enter your email or mobile phone number↵&amp;lt;/span&amp;gt; aka getByText(&amp;quot;Enter your email or mobile&amp;quot;).first()
    2) &amp;lt;span id=&amp;quot;emailErrorAnnounce&amp;quot;&amp;gt;↵                Enter your email or mobile phone…&amp;lt;/span&amp;gt; aka locator(&amp;quot;form[name=\&amp;quot;signIn\&amp;quot;] #emailErrorAnnounce&amp;quot;)
    3) &amp;lt;div class=&amp;quot;a-alert-content&amp;quot;&amp;gt;↵  Enter your email or mobile phone number↵&amp;lt;/div&amp;gt; aka locator(&amp;quot;#auth-email-missing-alert&amp;quot;).getByText(&amp;quot;Enter your email or mobile&amp;quot;)

  name=&amp;apos;Error
  stack=&amp;apos;Error: Error: strict mode violation: locator(&amp;quot;text=Enter your email or mobile phone number&amp;quot;) resolved to 3 elements:
    1) &amp;lt;span id=&amp;quot;emailErrorAnnounce&amp;quot;&amp;gt;↵  Enter your email or mobile phone number↵&amp;lt;/span&amp;gt; aka getByText(&amp;quot;Enter your email or mobile&amp;quot;).first()
    2) &amp;lt;span id=&amp;quot;emailErrorAnnounce&amp;quot;&amp;gt;↵                Enter your email or mobile phone…&amp;lt;/span&amp;gt; aka locator(&amp;quot;form[name=\&amp;quot;signIn\&amp;quot;] #emailErrorAnnounce&amp;quot;)
    3) &amp;lt;div class=&amp;quot;a-alert-content&amp;quot;&amp;gt;↵  Enter your email or mobile phone number↵&amp;lt;/div&amp;gt; aka locator(&amp;quot;#auth-email-missing-alert&amp;quot;).getByText(&amp;quot;Enter your email or mobile&amp;quot;)

    at checkException (/tmp/playwright-java-422091510343734095/package/lib/server/firefox/ffExecutionContext.js:111:121)
    at FFExecutionContext.evaluateWithArguments (/tmp/playwright-java-422091510343734095/package/lib/server/firefox/ffExecutionContext.js:82:5)
    at async LongStandingScope._race (/tmp/playwright-java-422091510343734095/package/lib/utils/manualPromise.js:96:14)
    at async evaluateExpression (/tmp/playwright-java-422091510343734095/package/lib/server/javascript.js:242:12)
    at async /tmp/playwright-java-422091510343734095/package/lib/server/frames.js:1474:13
    at async Frame.retryWithProgressAndTimeouts (/tmp/playwright-java-422091510343734095/package/lib/server/frames.js:929:24)
    at async ProgressController.run (/tmp/playwright-java-422091510343734095/package/lib/server/progress.js:82:22)
    at async FrameDispatcher.textContent (/tmp/playwright-java-422091510343734095/package/lib/server/dispatchers/frameDispatcher.js:178:19)
    at async LongStandingScope._race (/tmp/playwright-java-422091510343734095/package/lib/utils/manualPromise.js:96:14)
    at async FrameDispatcher._handleCommand (/tmp/playwright-java-422091510343734095/package/lib/server/dispatchers/dispatcher.js:96:14)
}
Call log:
- waiting for locator(&amp;quot;text=Enter your email or mobile phone number&amp;quot;)
">
      <![CDATA[com.microsoft.playwright.PlaywrightException: Error {
  message='Error: strict mode violation: locator("text=Enter your email or mobile phone number") resolved to 3 elements:
    1) <span id="emailErrorAnnounce">↵  Enter your email or mobile phone number↵</span> aka getByText("Enter your email or mobile").first()
    2) <span id="emailErrorAnnounce">↵                Enter your email or mobile phone…</span> aka locator("form[name=\"signIn\"] #emailErrorAnnounce")
    3) <div class="a-alert-content">↵  Enter your email or mobile phone number↵</div> aka locator("#auth-email-missing-alert").getByText("Enter your email or mobile")

  name='Error
  stack='Error: Error: strict mode violation: locator("text=Enter your email or mobile phone number") resolved to 3 elements:
    1) <span id="emailErrorAnnounce">↵  Enter your email or mobile phone number↵</span> aka getByText("Enter your email or mobile").first()
    2) <span id="emailErrorAnnounce">↵                Enter your email or mobile phone…</span> aka locator("form[name=\"signIn\"] #emailErrorAnnounce")
    3) <div class="a-alert-content">↵  Enter your email or mobile phone number↵</div> aka locator("#auth-email-missing-alert").getByText("Enter your email or mobile")

    at checkException (/tmp/playwright-java-422091510343734095/package/lib/server/firefox/ffExecutionContext.js:111:121)
    at FFExecutionContext.evaluateWithArguments (/tmp/playwright-java-422091510343734095/package/lib/server/firefox/ffExecutionContext.js:82:5)
    at async LongStandingScope._race (/tmp/playwright-java-422091510343734095/package/lib/utils/manualPromise.js:96:14)
    at async evaluateExpression (/tmp/playwright-java-422091510343734095/package/lib/server/javascript.js:242:12)
    at async /tmp/playwright-java-422091510343734095/package/lib/server/frames.js:1474:13
    at async Frame.retryWithProgressAndTimeouts (/tmp/playwright-java-422091510343734095/package/lib/server/frames.js:929:24)
    at async ProgressController.run (/tmp/playwright-java-422091510343734095/package/lib/server/progress.js:82:22)
    at async FrameDispatcher.textContent (/tmp/playwright-java-422091510343734095/package/lib/server/dispatchers/frameDispatcher.js:178:19)
    at async LongStandingScope._race (/tmp/playwright-java-422091510343734095/package/lib/utils/manualPromise.js:96:14)
    at async FrameDispatcher._handleCommand (/tmp/playwright-java-422091510343734095/package/lib/server/dispatchers/dispatcher.js:96:14)
}
Call log:
- waiting for locator("text=Enter your email or mobile phone number")

at com.microsoft.playwright.impl.WaitableResult.get(WaitableResult.java:56)
at com.microsoft.playwright.impl.ChannelOwner.runUntil(ChannelOwner.java:120)
at com.microsoft.playwright.impl.Connection.sendMessage(Connection.java:130)
at com.microsoft.playwright.impl.ChannelOwner.sendMessage(ChannelOwner.java:106)
at com.microsoft.playwright.impl.FrameImpl.textContentImpl(FrameImpl.java:818)
at com.microsoft.playwright.impl.FrameImpl.lambda$textContent$38(FrameImpl.java:809)
at com.microsoft.playwright.impl.LoggingSupport.withLogging(LoggingSupport.java:47)
at com.microsoft.playwright.impl.ChannelOwner.withLogging(ChannelOwner.java:89)
at com.microsoft.playwright.impl.FrameImpl.textContent(FrameImpl.java:809)
at com.microsoft.playwright.impl.LocatorImpl.textContent(LocatorImpl.java:591)
at com.microsoft.playwright.Locator.textContent(Locator.java:5179)
at com.example.playwright.LoginTest.loginWithEmptyFields(LoginTest.java:38)
at java.base/java.util.ArrayList.forEach(ArrayList.java:1511)
Caused by: com.microsoft.playwright.impl.DriverException: Error {
  message='Error: strict mode violation: locator("text=Enter your email or mobile phone number") resolved to 3 elements:
    1) <span id="emailErrorAnnounce">↵  Enter your email or mobile phone number↵</span> aka getByText("Enter your email or mobile").first()
    2) <span id="emailErrorAnnounce">↵                Enter your email or mobile phone…</span> aka locator("form[name=\"signIn\"] #emailErrorAnnounce")
    3) <div class="a-alert-content">↵  Enter your email or mobile phone number↵</div> aka locator("#auth-email-missing-alert").getByText("Enter your email or mobile")

  name='Error
  stack='Error: Error: strict mode violation: locator("text=Enter your email or mobile phone number") resolved to 3 elements:
    1) <span id="emailErrorAnnounce">↵  Enter your email or mobile phone number↵</span> aka getByText("Enter your email or mobile").first()
    2) <span id="emailErrorAnnounce">↵                Enter your email or mobile phone…</span> aka locator("form[name=\"signIn\"] #emailErrorAnnounce")
    3) <div class="a-alert-content">↵  Enter your email or mobile phone number↵</div> aka locator("#auth-email-missing-alert").getByText("Enter your email or mobile")

    at checkException (/tmp/playwright-java-422091510343734095/package/lib/server/firefox/ffExecutionContext.js:111:121)
    at FFExecutionContext.evaluateWithArguments (/tmp/playwright-java-422091510343734095/package/lib/server/firefox/ffExecutionContext.js:82:5)
    at async LongStandingScope._race (/tmp/playwright-java-422091510343734095/package/lib/utils/manualPromise.js:96:14)
    at async evaluateExpression (/tmp/playwright-java-422091510343734095/package/lib/server/javascript.js:242:12)
    at async /tmp/playwright-java-422091510343734095/package/lib/server/frames.js:1474:13
    at async Frame.retryWithProgressAndTimeouts (/tmp/playwright-java-422091510343734095/package/lib/server/frames.js:929:24)
    at async ProgressController.run (/tmp/playwright-java-422091510343734095/package/lib/server/progress.js:82:22)
    at async FrameDispatcher.textContent (/tmp/playwright-java-422091510343734095/package/lib/server/dispatchers/frameDispatcher.js:178:19)
    at async LongStandingScope._race (/tmp/playwright-java-422091510343734095/package/lib/utils/manualPromise.js:96:14)
    at async FrameDispatcher._handleCommand (/tmp/playwright-java-422091510343734095/package/lib/server/dispatchers/dispatcher.js:96:14)
}
Call log:
- waiting for locator("text=Enter your email or mobile phone number")

at com.microsoft.playwright.impl.Connection.dispatch(Connection.java:259)
at com.microsoft.playwright.impl.Connection.processOneMessage(Connection.java:211)
at com.microsoft.playwright.impl.ChannelOwner.runUntil(ChannelOwner.java:118)
... 38 more
... Removed 27 stack frames]]>
    </failure>
  </testcase> <!-- loginWithEmptyFields -->
  <testcase classname="com.example.playwright.LoginTest" name="loginTest" time="11.133"/>
  <testcase classname="com.example.playwright.AddToCartTest" name="searchAndAddToCartTest" time="10.362"/>
  <testcase classname="com.example.playwright.BaseTest" name="@AfterTest tearDown" time="0.0">
    <ignored/>
  </testcase> <!-- @AfterTest tearDown -->
  <testcase classname="com.example.playwright.BaseTest" name="@BeforeTest setup" time="0.0">
    <ignored/>
  </testcase> <!-- @BeforeTest setup -->
</testsuite> <!-- FirefoxTest -->
