<?xml version="1.0" encoding="UTF-8"?>
<!-- Generated by org.testng.reporters.JUnitXMLReporter -->
<testsuite ignored="2" hostname="tblr-lws-119" failures="0" tests="2" name="WebKitTest" time="30.934" errors="0" timestamp="2024-09-24T14:34:39 IST">
  <testcase classname="com.example.playwright.LoginTest" name="loginTest" time="0.0">
    <skipped/>
  </testcase> <!-- loginTest -->
  <testcase classname="com.example.playwright.AddToCartTest" name="searchAndAddToCartTest" time="0.0">
    <skipped/>
  </testcase> <!-- searchAndAddToCartTest -->
  <testcase classname="com.example.playwright.BaseTest" name="@AfterTest tearDown" time="0.0">
    <ignored/>
  </testcase> <!-- @AfterTest tearDown -->
  <testcase classname="com.example.playwright.BaseTest" name="@BeforeTest setup" time="0.0">
    <ignored/>
  </testcase> <!-- @BeforeTest setup -->
</testsuite> <!-- WebKitTest -->
